0 info it worked if it ends with ok
1 verbose cli [ '/usr/local/bin/node',
1 verbose cli   '/usr/local/bin/npm',
1 verbose cli   'install',
1 verbose cli   '-g',
1 verbose cli   'ionic' ]
2 info using npm@2.5.1
3 info using node@v0.12.0
4 silly cache add args [ 'ionic', null ]
5 verbose cache add spec ionic
6 silly cache add parsed spec { raw: 'ionic',
6 silly cache add   scope: null,
6 silly cache add   name: 'ionic',
6 silly cache add   rawSpec: '',
6 silly cache add   spec: '*',
6 silly cache add   type: 'range' }
7 verbose addNamed ionic@*
8 silly addNamed semver.valid null
9 silly addNamed semver.validRange *
10 silly addNameRange { name: 'ionic', range: '*', hasData: false }
11 silly mapToRegistry name ionic
12 silly mapToRegistry using default registry
13 silly mapToRegistry registry https://registry.npmjs.org/
14 silly mapToRegistry uri https://registry.npmjs.org/ionic
15 verbose addNameRange registry:https://registry.npmjs.org/ionic not in flight; fetching
16 verbose request uri https://registry.npmjs.org/ionic
17 verbose request no auth needed
18 info attempt registry request try #1 at 09:35:02
19 verbose request id 0a2cf259df49a8d2
20 verbose etag "49CXTX2AT5SM2ITJSTBFKW1DK"
21 http request GET https://registry.npmjs.org/ionic
22 info retry will retry, error on last attempt: Error: getaddrinfo ENOTFOUND registry.npmjs.org
23 info attempt registry request try #2 at 09:35:27
24 verbose etag "49CXTX2AT5SM2ITJSTBFKW1DK"
25 http request GET https://registry.npmjs.org/ionic
26 http 200 https://registry.npmjs.org/ionic
27 silly get cb [ 200,
27 silly get   { date: 'Thu, 26 Mar 2015 01:35:28 GMT',
27 silly get     server: 'CouchDB/1.5.0 (Erlang OTP/R16B03)',
27 silly get     etag: '"4DWHSIH4GR3NE29VWVET5BYRZ"',
27 silly get     'content-type': 'application/json',
27 silly get     'cache-control': 'max-age=60',
27 silly get     'content-length': '283013',
27 silly get     'accept-ranges': 'bytes',
27 silly get     via: '1.1 varnish',
27 silly get     age: '35',
27 silly get     'x-served-by': 'cache-nrt6131-NRT',
27 silly get     'x-cache': 'HIT',
27 silly get     'x-cache-hits': '1',
27 silly get     'x-timer': 'S1427333728.377334,VS0,VE2',
27 silly get     vary: 'Accept',
27 silly get     'keep-alive': 'timeout=10, max=50',
27 silly get     connection: 'Keep-Alive' } ]
28 verbose get saving ionic to /home/gwei/.npm/registry.npmjs.org/ionic/.cache.json
29 silly addNameRange number 2 { name: 'ionic', range: '*', hasData: true }
30 silly addNameRange versions [ 'ionic',
30 silly addNameRange   [ '0.9.6',
30 silly addNameRange     '0.9.8',
30 silly addNameRange     '0.9.9',
30 silly addNameRange     '0.9.10',
30 silly addNameRange     '0.9.11',
30 silly addNameRange     '0.9.12',
30 silly addNameRange     '0.9.13',
30 silly addNameRange     '0.9.14',
30 silly addNameRange     '0.9.15',
30 silly addNameRange     '0.9.16',
30 silly addNameRange     '1.0.0-beta.1',
30 silly addNameRange     '1.0.0-beta',
30 silly addNameRange     '1.0.1-beta',
30 silly addNameRange     '1.0.3-beta',
30 silly addNameRange     '1.0.4',
30 silly addNameRange     '1.0.5',
30 silly addNameRange     '1.0.6',
30 silly addNameRange     '1.0.7',
30 silly addNameRange     '1.0.8',
30 silly addNameRange     '1.0.9',
30 silly addNameRange     '1.0.10',
30 silly addNameRange     '1.0.11',
30 silly addNameRange     '1.0.12',
30 silly addNameRange     '1.0.13',
30 silly addNameRange     '1.0.14',
30 silly addNameRange     '1.0.15',
30 silly addNameRange     '1.0.16',
30 silly addNameRange     '1.0.17',
30 silly addNameRange     '1.1.0-beta1',
30 silly addNameRange     '1.1.0-beta2',
30 silly addNameRange     '1.1.0-beta3',
30 silly addNameRange     '1.1.0-beta4',
30 silly addNameRange     '1.1.0-beta5',
30 silly addNameRange     '1.1.0-beta6',
30 silly addNameRange     '1.1.0',
30 silly addNameRange     '1.1.1-beta1',
30 silly addNameRange     '1.1.1-beta2',
30 silly addNameRange     '1.1.1-beta3',
30 silly addNameRange     '1.1.1',
30 silly addNameRange     '1.1.3',
30 silly addNameRange     '1.1.4',
30 silly addNameRange     '1.1.5-beta1',
30 silly addNameRange     '1.1.5-beta2',
30 silly addNameRange     '1.1.5-beta3',
30 silly addNameRange     '1.1.5-beta4',
30 silly addNameRange     '1.1.5-beta5',
30 silly addNameRange     '1.1.5',
30 silly addNameRange     '1.1.6',
30 silly addNameRange     '1.1.7-beta1',
30 silly addNameRange     '1.1.7',
30 silly addNameRange     '1.1.8-beta1',
30 silly addNameRange     '1.1.8-beta2',
30 silly addNameRange     '1.1.8-beta3',
30 silly addNameRange     '1.1.8-beta4',
30 silly addNameRange     '1.1.8-beta5',
30 silly addNameRange     '1.1.8',
30 silly addNameRange     '1.1.9-beta1',
30 silly addNameRange     '1.1.9',
30 silly addNameRange     '1.1.10',
30 silly addNameRange     '1.1.11-beta1',
30 silly addNameRange     '1.1.11-beta2',
30 silly addNameRange     '1.1.11',
30 silly addNameRange     '1.1.12-beta1',
30 silly addNameRange     '1.1.12-beta2',
30 silly addNameRange     '1.1.12-beta3',
30 silly addNameRange     '1.1.12',
30 silly addNameRange     '1.1.13',
30 silly addNameRange     '1.1.14-beta1',
30 silly addNameRange     '1.1.14-beta2',
30 silly addNameRange     '1.1.14-beta3',
30 silly addNameRange     '1.2.0-beta1',
30 silly addNameRange     '1.2.0',
30 silly addNameRange     '1.2.1-beta1',
30 silly addNameRange     '1.2.1-beta2',
30 silly addNameRange     '1.2.1-beta3',
30 silly addNameRange     '1.2.1-beta4',
30 silly addNameRange     '1.2.1',
30 silly addNameRange     '1.2.2',
30 silly addNameRange     '1.2.3-beta1',
30 silly addNameRange     '1.2.3-beta2',
30 silly addNameRange     '1.2.3-beta3',
30 silly addNameRange     '1.2.3',
30 silly addNameRange     '1.2.4-beta1',
30 silly addNameRange     '1.2.4-beta2',
30 silly addNameRange     '1.2.4-beta3',
30 silly addNameRange     '1.2.4',
30 silly addNameRange     '1.2.5-beta1',
30 silly addNameRange     '1.2.5-beta2',
30 silly addNameRange     '1.2.5-beta3',
30 silly addNameRange     '1.2.5',
30 silly addNameRange     '1.2.6-beta1',
30 silly addNameRange     '1.2.6-beta2',
30 silly addNameRange     '1.2.6-beta3',
30 silly addNameRange     '1.2.6',
30 silly addNameRange     '1.2.7',
30 silly addNameRange     '1.2.8-beta1',
30 silly addNameRange     '1.2.8-beta2',
30 silly addNameRange     '1.2.8',
30 silly addNameRange     '1.2.9',
30 silly addNameRange     '1.2.10',
30 silly addNameRange     '1.2.11',
30 silly addNameRange     '1.2.12',
30 silly addNameRange     '1.2.13',
30 silly addNameRange     '1.2.14-beta1',
30 silly addNameRange     '1.2.14-beta2',
30 silly addNameRange     '1.2.14-beta3',
30 silly addNameRange     '1.2.14-beta4',
30 silly addNameRange     '1.2.14-beta5',
30 silly addNameRange     '1.2.14-beta6',
30 silly addNameRange     '1.2.14',
30 silly addNameRange     '1.3.0-beta1',
30 silly addNameRange     '1.3.0',
30 silly addNameRange     '1.3.1',
30 silly addNameRange     '1.3.2',
30 silly addNameRange     '1.3.3',
30 silly addNameRange     '1.3.4',
30 silly addNameRange     '1.3.5',
30 silly addNameRange     '1.3.6',
30 silly addNameRange     '1.3.7',
30 silly addNameRange     '1.3.8',
30 silly addNameRange     '1.3.9',
30 silly addNameRange     '1.3.10',
30 silly addNameRange     '1.4.0-alpha.1',
30 silly addNameRange     '1.3.11',
30 silly addNameRange     '1.3.1-1.alpha.0',
30 silly addNameRange     '1.4.0-alpha.2',
30 silly addNameRange     '1.3.12',
30 silly addNameRange     '1.3.12-beta.1',
30 silly addNameRange     '1.3.12-beta.2',
30 silly addNameRange     '1.3.13-beta.0',
30 silly addNameRange     '1.3.1-3.beta.1',
30 silly addNameRange     '1.3.1-3.beta.2',
30 silly addNameRange     '1.3.13',
30 silly addNameRange     '1.3.1-3.beta.4',
30 silly addNameRange     '1.3.14-beta',
30 silly addNameRange     '1.3.14-beta.1',
30 silly addNameRange     '1.4.0-alpha.3',
30 silly addNameRange     '1.3.14',
30 silly addNameRange     '1.4.0-alpha.4',
30 silly addNameRange     '1.4.0-alpha.5',
30 silly addNameRange     '1.3.15-beta.0',
30 silly addNameRange     '1.3.15-beta.1',
30 silly addNameRange     '1.3.15-beta.2',
30 silly addNameRange     '1.3.15-beta.3',
30 silly addNameRange     '1.3.15-beta.4',
30 silly addNameRange     '1.3.15',
30 silly addNameRange     '1.3.16',
30 silly addNameRange     '1.4.0-alpha.6',
30 silly addNameRange     '1.3.17-beta.0',
30 silly addNameRange     '1.3.17-beta.1',
30 silly addNameRange     '1.3.17-beta.2',
30 silly addNameRange     '1.3.17-beta.3',
30 silly addNameRange     '1.3.1-7.beta.4',
30 silly addNameRange     '1.3.17',
30 silly addNameRange     '1.3.18-beta.0',
30 silly addNameRange     '1.3.18-beta.1',
30 silly addNameRange     '1.3.18-beta.2',
30 silly addNameRange     '1.3.18-beta.3',
30 silly addNameRange     '1.3.18' ] ]
31 verbose addNamed ionic@1.3.18
32 silly addNamed semver.valid 1.3.18
33 silly addNamed semver.validRange 1.3.18
34 silly mapToRegistry name ionic
35 silly mapToRegistry using default registry
36 silly mapToRegistry registry https://registry.npmjs.org/
37 silly mapToRegistry uri https://registry.npmjs.org/ionic
38 verbose addRemoteTarball https://registry.npmjs.org/ionic/-/ionic-1.3.18.tgz not in flight; adding
39 verbose addRemoteTarball [ 'https://registry.npmjs.org/ionic/-/ionic-1.3.18.tgz',
39 verbose addRemoteTarball   'd7775e2020bcf42153ee4ba6e201cba3f7f7df29' ]
40 info retry fetch attempt 1 at 09:35:29
41 info attempt registry request try #1 at 09:35:29
42 http fetch GET https://registry.npmjs.org/ionic/-/ionic-1.3.18.tgz
43 http fetch 200 https://registry.npmjs.org/ionic/-/ionic-1.3.18.tgz
44 silly fetchAndShaCheck shasum d7775e2020bcf42153ee4ba6e201cba3f7f7df29
45 verbose addTmpTarball /tmp/npm-1766-1643aa5f/registry.npmjs.org/ionic/-/ionic-1.3.18.tgz not in flight; adding
46 verbose addTmpTarball already have metadata; skipping unpack for ionic@1.3.18
47 silly cache afterAdd ionic@1.3.18
48 verbose afterAdd /home/gwei/.npm/ionic/1.3.18/package/package.json not in flight; writing
49 verbose afterAdd /home/gwei/.npm/ionic/1.3.18/package/package.json written
50 silly install resolved [ { name: 'ionic',
50 silly install resolved     version: '1.3.18',
50 silly install resolved     preferGlobal: true,
50 silly install resolved     description: 'A tool for creating and developing Ionic Framework mobile apps.',
50 silly install resolved     homepage: 'http://ionicframework.com/',
50 silly install resolved     bin: { ionic: 'bin/ionic' },
50 silly install resolved     scripts:
50 silly install resolved      { bump: 'node lib/tasks/bumpversion',
50 silly install resolved        'beta-bump': 'node lib/tasks/bumpversion --level pre --identifier beta',
50 silly install resolved        'publish-release': 'node lib/tasks/bumpversion --npmPublish',
50 silly install resolved        'publish-tag': 'node lib/tasks/bumpversion --level beta --npmPublishTag',
50 silly install resolved        'full-release': 'node lib/tasks/bumpversion --npmInstall --git --npmPublish' },
50 silly install resolved     keywords:
50 silly install resolved      [ 'ionic',
50 silly install resolved        'ionic framework',
50 silly install resolved        'ionicframework',
50 silly install resolved        'mobile',
50 silly install resolved        'app',
50 silly install resolved        'hybrid',
50 silly install resolved        'cordova',
50 silly install resolved        'phonegap' ],
50 silly install resolved     repository:
50 silly install resolved      { type: 'git',
50 silly install resolved        url: 'https://github.com/driftyco/ionic-cli.git' },
50 silly install resolved     contributors: [ [Object], [Object], [Object], [Object] ],
50 silly install resolved     license: 'MIT',
50 silly install resolved     dependencies:
50 silly install resolved      { archiver: '0.5.1',
50 silly install resolved        async: '^0.9.0',
50 silly install resolved        colors: '0.6.2',
50 silly install resolved        connect: '3.1.1',
50 silly install resolved        'connect-livereload': '0.5.2',
50 silly install resolved        crc: '3.2.1',
50 silly install resolved        'cross-spawn': '0.2.3',
50 silly install resolved        'event-stream': '3.0.x',
50 silly install resolved        finalhandler: '0.2.0',
50 silly install resolved        'form-data': '0.1.4',
50 silly install resolved        gulp: '3.8.8',
50 silly install resolved        ncp: '0.4.2',
50 silly install resolved        npm: '2.1.3',
50 silly install resolved        'opbeat-ionic': '^1.1.3',
50 silly install resolved        open: 'https://registry.npmjs.org/open/-/open-0.0.5.tgz',
50 silly install resolved        optimist: '0.6.0',
50 silly install resolved        progress: '1.1.7',
50 silly install resolved        prompt: '0.2.12',
50 silly install resolved        'proxy-middleware': '^0.7.0',
50 silly install resolved        q: '1.0.1',
50 silly install resolved        request: '2.51.0',
50 silly install resolved        semver: '^4.2.0',
50 silly install resolved        'serve-static': '1.7.1',
50 silly install resolved        shelljs: '0.2.6',
50 silly install resolved        'tiny-lr-fork': '0.0.5',
50 silly install resolved        underscore: '~1.7.0',
50 silly install resolved        unzip: '0.1.9',
50 silly install resolved        'vinyl-fs': '0.3.7',
50 silly install resolved        xml2js: '0.4.4' },
50 silly install resolved     gitHead: '9b9c0eb1ea70d932fda9c57fc2a7c505d9ceae12',
50 silly install resolved     bugs: { url: 'https://github.com/driftyco/ionic-cli/issues' },
50 silly install resolved     _id: 'ionic@1.3.18',
50 silly install resolved     _shasum: 'd7775e2020bcf42153ee4ba6e201cba3f7f7df29',
50 silly install resolved     _from: 'ionic@*',
50 silly install resolved     _npmVersion: '2.5.1',
50 silly install resolved     _nodeVersion: '0.10.33',
50 silly install resolved     _npmUser: { name: 'drifty', email: 'max@drifty.com' },
50 silly install resolved     maintainers: [ [Object], [Object], [Object] ],
50 silly install resolved     dist:
50 silly install resolved      { shasum: 'd7775e2020bcf42153ee4ba6e201cba3f7f7df29',
50 silly install resolved        tarball: 'http://registry.npmjs.org/ionic/-/ionic-1.3.18.tgz' },
50 silly install resolved     directories: {},
50 silly install resolved     _resolved: 'https://registry.npmjs.org/ionic/-/ionic-1.3.18.tgz' } ]
51 info install ionic@1.3.18 into /usr/local/lib
52 info installOne ionic@1.3.18
53 verbose installOne of ionic to /usr/local/lib not in flight; installing
54 verbose lock using /home/gwei/.npm/_locks/ionic-61c0cd50dc7a1457.lock for /usr/local/lib/node_modules/ionic
55 silly install write writing ionic 1.3.18 to /usr/local/lib/node_modules/ionic
56 silly cache addNamed cb ionic@1.3.18
57 verbose unbuild lib/node_modules/ionic
58 info preuninstall ionic@1.3.17
59 info uninstall ionic@1.3.17
60 verbose unbuild rmStuff ionic@1.3.17 from /usr/local/lib/node_modules
61 verbose gentlyRm verifying that /usr/local is managed by npm
62 silly isManaged /usr/local is not inside /usr/local/lib/node_modules
63 silly isManaged /usr/local is not inside /usr/local/lib/node_modules
64 silly isManaged /usr/local/bin is inside /usr/local
65 silly gentlyRm /usr/local is managed by npm
66 silly gentlyRm /usr/local/bin/ionic is under /usr/local
67 verbose gentlyRm vacuuming /usr/local/bin/ionic up to /usr/local
68 silly gentlyRm removing /usr/local/bin/ionic
69 verbose unlock done using /home/gwei/.npm/_locks/ionic-61c0cd50dc7a1457.lock for /usr/local/lib/node_modules/ionic
70 verbose stack Error: EACCES, unlink '/usr/local/bin/ionic'
70 verbose stack     at Error (native)
71 verbose cwd /home/gwei/myionicapp/PadProd
72 error Linux 3.18.7-200.fc21.x86_64
73 error argv "/usr/local/bin/node" "/usr/local/bin/npm" "install" "-g" "ionic"
74 error node v0.12.0
75 error npm  v2.5.1
76 error path /usr/local/bin/ionic
77 error code EACCES
78 error errno -13
79 error Error: EACCES, unlink '/usr/local/bin/ionic'
79 error     at Error (native)
79 error  { [Error: EACCES, unlink '/usr/local/bin/ionic'] errno: -13, code: 'EACCES', path: '/usr/local/bin/ionic' }
80 error Please try running this command again as root/Administrator.
81 verbose exit [ -13, true ]
82 verbose unbuild lib/node_modules/ionic
83 info preuninstall ionic@1.3.17
84 info uninstall ionic@1.3.17
85 verbose unbuild rmStuff ionic@1.3.17 from /usr/local/lib/node_modules
86 verbose gentlyRm verifying that /usr/local is managed by npm
87 silly isManaged /usr/local is not inside /usr/local/lib/node_modules
88 silly isManaged /usr/local is not inside /usr/local/lib/node_modules
89 silly isManaged /usr/local is not inside /usr/local/bin
90 silly isManaged /usr/local is inside /usr/local
91 silly gentlyRm /usr/local is managed by npm
92 silly gentlyRm /usr/local/bin/ionic is under /usr/local
93 verbose gentlyRm vacuuming /usr/local/bin/ionic up to /usr/local
94 silly gentlyRm removing /usr/local/bin/ionic
95 error error rolling back Error: EACCES, unlink '/usr/local/bin/ionic'
95 error error rolling back     at Error (native)
95 error error rolling back  { [Error: EACCES, unlink '/usr/local/bin/ionic'] errno: -13, code: 'EACCES', path: '/usr/local/bin/ionic' }
